[debug] [2021-10-08T09:34:56.795Z] ----------------------------------------------------------------------
[debug] [2021-10-08T09:34:56.799Z] Command:       C:\Program Files\nodejs\node.exe C:\Users\Administrator\AppData\Roaming\npm\node_modules\firebase-tools\lib\bin\firebase.js init
[debug] [2021-10-08T09:34:56.799Z] CLI Version:   9.20.0
[debug] [2021-10-08T09:34:56.799Z] Platform:      win32
[debug] [2021-10-08T09:34:56.799Z] Node Version:  v14.15.5
[debug] [2021-10-08T09:34:56.800Z] Time:          Fri Oct 08 2021 15:04:56 GMT+0530 (India Standard Time)
[debug] [2021-10-08T09:34:56.801Z] ----------------------------------------------------------------------
[debug] 
[debug] [2021-10-08T09:34:56.887Z] > command requires scopes: ["email","openid","https://www.googleapis.com/auth/cloudplatformprojects.readonly","https://www.googleapis.com/auth/firebase","https://www.googleapis.com/auth/cloud-platform"]
[debug] [2021-10-08T09:34:56.887Z] > authorizing via signed-in user (kishori.07official@gmail.com)
[info] 
     ######## #### ########  ######## ########     ###     ######  ########
     ##        ##  ##     ## ##       ##     ##  ##   ##  ##       ##
     ######    ##  ########  ######   ########  #########  ######  ######
     ##        ##  ##    ##  ##       ##     ## ##     ##       ## ##
     ##       #### ##     ## ######## ########  ##     ##  ######  ########

You're about to initialize a Firebase project in this directory:

  D:\letsShop-frontend

Before we get started, keep in mind:

  * You are initializing within an existing Firebase project directory

